<?xml version="1.0" encoding="UTF-8"?>
<!-- Generated by org.testng.reporters.JUnitReportReporter -->
<testsuite hostname="HbpSoft" failures="0" tests="1" name="com.apollo2.apollo2_Homepage.Search_Text" time="19.756" errors="0" timestamp="2024-03-19T10:32:27 IST" skipped="0">
  <testcase classname="com.apollo2.apollo2_Homepage.Search_Text" name="annotatedtile" time="19.756"/>
  <system-out/>
</testsuite> <!-- com.apollo2.apollo2_Homepage.Search_Text -->
