<?xml version="1.0" encoding="UTF-8"?>
<!-- Generated by org.testng.reporters.JUnitReportReporter -->
<testsuite hostname="HbpSoft" failures="0" tests="9" name="com.apollo2.apollo2_Homepage.sanitytesting" time="183.411" errors="0" timestamp="2024-03-04T10:06:34 IST" skipped="0">
  <testcase classname="com.apollo2.apollo2_Homepage.sanitytesting" name="testSanity" time="2.614"/>
  <system-out/>
  <testcase classname="com.apollo2.apollo2_Homepage.sanitytesting" name="homepagecontent" time="1.036"/>
  <system-out/>
  <testcase classname="com.apollo2.apollo2_Homepage.sanitytesting" name="homepagePeople" time="63.573"/>
  <system-out/>
  <testcase classname="com.apollo2.apollo2_Homepage.sanitytesting" name="homepagehighlights" time="27.352"/>
  <system-out/>
  <testcase classname="com.apollo2.apollo2_Homepage.sanitytesting" name="Dataportal" time="6.766"/>
  <system-out/>
  <testcase classname="com.apollo2.apollo2_Homepage.sanitytesting" name="Homenewsandevents" time="9.698"/>
  <system-out/>
  <testcase classname="com.apollo2.apollo2_Homepage.sanitytesting" name="Homecareer" time="50.366"/>
  <system-out/>
  <testcase classname="com.apollo2.apollo2_Homepage.sanitytesting" name="homegallery" time="8.439"/>
  <system-out/>
  <testcase classname="com.apollo2.apollo2_Homepage.sanitytesting" name="Homecontacts" time="13.567"/>
  <system-out/>
</testsuite> <!-- com.apollo2.apollo2_Homepage.sanitytesting -->
