<?xml version="1.0" encoding="UTF-8"?>
<!-- Generated by org.testng.reporters.JUnitReportReporter -->
<testsuite hostname="HbpSoft" failures="0" tests="10" name="com.apollo2.apollo2_Homepage.RandD_link" time="218.935" errors="0" timestamp="2024-03-05T16:24:05 IST" skipped="0">
  <testcase classname="com.apollo2.apollo2_Homepage.RandD_link" name="launch" time="1.167"/>
  <system-out/>
  <testcase classname="com.apollo2.apollo2_Homepage.RandD_link" name="homepagehighlights" time="3.253"/>
  <system-out/>
  <testcase classname="com.apollo2.apollo2_Homepage.RandD_link" name="patents_link1" time="4.989"/>
  <system-out/>
  <testcase classname="com.apollo2.apollo2_Homepage.RandD_link" name="publications_link1" time="6.268"/>
  <system-out/>
  <testcase classname="com.apollo2.apollo2_Homepage.RandD_link" name="publications_link2" time="6.248"/>
  <system-out/>
  <testcase classname="com.apollo2.apollo2_Homepage.RandD_link" name="publications_link3" time="6.230"/>
  <system-out/>
  <testcase classname="com.apollo2.apollo2_Homepage.RandD_link" name="publications_link4" time="171.805"/>
  <system-out/>
  <testcase classname="com.apollo2.apollo2_Homepage.RandD_link" name="publications_link5" time="6.460"/>
  <system-out/>
  <testcase classname="com.apollo2.apollo2_Homepage.RandD_link" name="publications_link6" time="6.247"/>
  <system-out/>
  <testcase classname="com.apollo2.apollo2_Homepage.RandD_link" name="publications_link7" time="6.268"/>
  <system-out/>
</testsuite> <!-- com.apollo2.apollo2_Homepage.RandD_link -->
