<?xml version="1.0" encoding="UTF-8"?>
<!-- Generated by org.testng.reporters.JUnitReportReporter -->
<testsuite hostname="HbpSoft" failures="0" tests="2" name="com.apollo2.apollo2_Homepage.MoreInfo" time="1.152" errors="0" timestamp="2024-04-15T18:01:57 IST" skipped="0">
  <testcase classname="com.apollo2.apollo2_Homepage.MoreInfo" name="dgx_Request" time="0.936"/>
  <system-out/>
  <testcase classname="com.apollo2.apollo2_Homepage.MoreInfo" name="apollo2_Request" time="0.216"/>
  <system-out/>
</testsuite> <!-- com.apollo2.apollo2_Homepage.MoreInfo -->
