<?xml version="1.0" encoding="UTF-8"?>
<!-- Generated by org.testng.reporters.JUnitReportReporter -->
<testsuite hostname="HbpSoft" failures="0" tests="3" name="com.apollo2.apollo2_Homepage.Uploadfile_search" time="38.830" errors="0" timestamp="2024-03-21T17:43:44 IST" skipped="0">
  <testcase classname="com.apollo2.apollo2_Homepage.Uploadfile_search" name="login" time="10.533"/>
  <system-out/>
  <testcase classname="com.apollo2.apollo2_Homepage.Uploadfile_search" name="uploadImage" time="21.216"/>
  <system-out/>
  <testcase classname="com.apollo2.apollo2_Homepage.Uploadfile_search" name="testExtract" time="7.081"/>
  <system-out/>
</testsuite> <!-- com.apollo2.apollo2_Homepage.Uploadfile_search -->
