<?xml version="1.0" encoding="UTF-8"?>
<!-- Generated by org.testng.reporters.JUnitReportReporter -->
<testsuite hostname="HbpSoft" failures="0" tests="1" name="com.apollo2.apollo2_Homepage.DBquery_api" time="2.397" errors="0" timestamp="2024-04-16T09:49:53 IST" skipped="0">
  <testcase classname="com.apollo2.apollo2_Homepage.DBquery_api" name="Dbquery" time="2.397"/>
  <system-out/>
</testsuite> <!-- com.apollo2.apollo2_Homepage.DBquery_api -->
